<?xml version="1.0" encoding="UTF-8"?>
<!-- Generated by org.testng.reporters.JUnitXMLReporter -->
<testsuite ignored="0" hostname="DESKTOP-PQK8607" failures="0" tests="6" name="Run on Opera" time="0.012" errors="0" timestamp="03 Oct 2023 15:50:44 GMT">
  <testcase classname="com.nopcommerce.users.Level_04_Multiple_Browsers" name="@BeforeClass beforeClass" time="0.0">
    <failure type="java.lang.IllegalArgumentException" message="No enum constant commons.BrowserList.OPERA">
      <![CDATA[java.lang.IllegalArgumentException: No enum constant commons.BrowserList.OPERA
at java.base/java.lang.Enum.valueOf(Enum.java:240)
at commons.BrowserList.valueOf(BrowserList.java:1)
at commons.BaseTest.getBrowserDriver(BaseTest.java:16)
at com.nopcommerce.users.Level_04_Multiple_Browsers.beforeClass(Level_04_Multiple_Browsers.java:38)
... Removed 26 stack frames]]>
    </failure>
  </testcase> <!-- @BeforeClass beforeClass -->
  <testcase classname="com.nopcommerce.users.Level_04_Multiple_Browsers" name="@AfterClass afterClass" time="0.0">
    <skipped/>
  </testcase> <!-- @AfterClass afterClass -->
  <testcase classname="com.nopcommerce.users.Level_04_Multiple_Browsers" name="Register_01_Empty_Data" time="0.0">
    <skipped/>
  </testcase> <!-- Register_01_Empty_Data -->
  <testcase classname="com.nopcommerce.users.Level_04_Multiple_Browsers" name="Register_02_Invalid_Email" time="0.0">
    <skipped/>
  </testcase> <!-- Register_02_Invalid_Email -->
  <testcase classname="com.nopcommerce.users.Level_04_Multiple_Browsers" name="Register_03_Invalid_Password" time="0.0">
    <skipped/>
  </testcase> <!-- Register_03_Invalid_Password -->
  <testcase classname="com.nopcommerce.users.Level_04_Multiple_Browsers" name="Register_04_Invalid_Confirm_Password" time="0.0">
    <skipped/>
  </testcase> <!-- Register_04_Invalid_Confirm_Password -->
  <testcase classname="com.nopcommerce.users.Level_04_Multiple_Browsers" name="Register_05_Success" time="0.0">
    <skipped/>
  </testcase> <!-- Register_05_Success -->
  <testcase classname="com.nopcommerce.users.Level_04_Multiple_Browsers" name="Register_06_Verify_Login" time="0.0">
    <skipped/>
  </testcase> <!-- Register_06_Verify_Login -->
</testsuite> <!-- Run on Opera -->
