<?xml version="1.0" encoding="UTF-8"?>
<!-- Generated by org.testng.reporters.JUnitXMLReporter -->
<testsuite ignored="0" hostname="DESKTOP-PQK8607" failures="1" tests="6" name="Run on Firefox" time="30.657" errors="0" timestamp="03 Oct 2023 16:45:29 GMT">
  <testcase classname="com.nopcommerce.users.Level_04_Multiple_Browsers" name="Register_01_Empty_Data" time="1.617"/>
  <testcase classname="com.nopcommerce.users.Level_04_Multiple_Browsers" name="Register_02_Invalid_Email" time="1.518"/>
  <testcase classname="com.nopcommerce.users.Level_04_Multiple_Browsers" name="Register_03_Invalid_Password" time="1.502"/>
  <testcase classname="com.nopcommerce.users.Level_04_Multiple_Browsers" name="Register_04_Invalid_Confirm_Password" time="1.992"/>
  <testcase classname="com.nopcommerce.users.Level_04_Multiple_Browsers" name="Register_05_Success" time="2.112"/>
  <testcase classname="com.nopcommerce.users.Level_04_Multiple_Browsers" name="Register_06_Verify_Login" time="15.542">
    <failure type="org.openqa.selenium.TimeoutException" message="Expected condition failed: waiting for visibility of element located by By.xpath: //a[@class=&amp;apos;ico-login&amp;apos;] (tried for 15 second(s) with 500 milliseconds interval)
Build info: version: &amp;apos;4.13.0&amp;apos;, revision: &amp;apos;ba948ece5b*&amp;apos;
System info: os.name: &amp;apos;Windows 10&amp;apos;, os.arch: &amp;apos;amd64&amp;apos;, os.version: &amp;apos;10.0&amp;apos;, java.version: &amp;apos;11.0.17&amp;apos;
Driver info: org.openqa.selenium.firefox.FirefoxDriver
Capabilities {acceptInsecureCerts: true, browserName: firefox, browserVersion: 118.0, moz:accessibilityChecks: false, moz:buildID: 20230918143747, moz:debuggerAddress: 127.0.0.1:27013, moz:geckodriverVersion: 0.33.0, moz:headless: false, moz:platformVersion: 10.0, moz:processID: 17340, moz:profile: C:\Users\VUNHAT~1\AppData\L..., moz:shutdownTimeout: 60000, moz:webdriverClick: true, moz:windowless: false, pageLoadStrategy: normal, platformName: windows, proxy: Proxy(), se:cdp: ws://127.0.0.1:27013/devtoo..., se:cdpVersion: 85.0, setWindowRect: true, strictFileInteractability: false, timeouts: {implicit: 0, pageLoad: 300000, script: 30000}, unhandledPromptBehavior: dismiss and notify}
Session ID: 8c3e9312-fd8b-4b58-adbb-bfdb5c5fe77b">
      <![CDATA[org.openqa.selenium.TimeoutException: Expected condition failed: waiting for visibility of element located by By.xpath: //a[@class='ico-login'] (tried for 15 second(s) with 500 milliseconds interval)
Build info: version: '4.13.0', revision: 'ba948ece5b*'
System info: os.name: 'Windows 10', os.arch: 'amd64', os.version: '10.0', java.version: '11.0.17'
Driver info: org.openqa.selenium.firefox.FirefoxDriver
Capabilities {acceptInsecureCerts: true, browserName: firefox, browserVersion: 118.0, moz:accessibilityChecks: false, moz:buildID: 20230918143747, moz:debuggerAddress: 127.0.0.1:27013, moz:geckodriverVersion: 0.33.0, moz:headless: false, moz:platformVersion: 10.0, moz:processID: 17340, moz:profile: C:\Users\VUNHAT~1\AppData\L..., moz:shutdownTimeout: 60000, moz:webdriverClick: true, moz:windowless: false, pageLoadStrategy: normal, platformName: windows, proxy: Proxy(), se:cdp: ws://127.0.0.1:27013/devtoo..., se:cdpVersion: 85.0, setWindowRect: true, strictFileInteractability: false, timeouts: {implicit: 0, pageLoad: 300000, script: 30000}, unhandledPromptBehavior: dismiss and notify}
Session ID: 8c3e9312-fd8b-4b58-adbb-bfdb5c5fe77b
at org.openqa.selenium.support.ui.WebDriverWait.timeoutException(WebDriverWait.java:84)
at org.openqa.selenium.support.ui.FluentWait.until(FluentWait.java:230)
at commons.BasePage.waitForElement(BasePage.java:75)
at pageObjects.HomePageObject.clickOnLoginLink(HomePageObject.java:22)
at com.nopcommerce.users.Level_04_Multiple_Browsers.Register_06_Verify_Login(Level_04_Multiple_Browsers.java:142)
... Removed 25 stack frames]]>
    </failure>
  </testcase> <!-- Register_06_Verify_Login -->
</testsuite> <!-- Run on Firefox -->
