<?xml version="1.0" encoding="UTF-8"?>
<!-- Generated by org.testng.reporters.JUnitXMLReporter -->
<testsuite ignored="0" hostname="DESKTOP-PQK8607" failures="0" tests="6" name="Test" time="16.581" errors="0" timestamp="20 Aug 2023 14:55:05 GMT">
  <testcase classname="com.nopcommerce.users.Level_03_Page_Object_Pattern" name="Register_01_Empty_Data" time="1.599"/>
  <testcase classname="com.nopcommerce.users.Level_03_Page_Object_Pattern" name="Register_02_Invalid_Email" time="1.795"/>
  <testcase classname="com.nopcommerce.users.Level_03_Page_Object_Pattern" name="Register_03_Invalid_Password" time="2.211"/>
  <testcase classname="com.nopcommerce.users.Level_03_Page_Object_Pattern" name="Register_04_Invalid_Confirm_Password" time="1.76"/>
  <testcase classname="com.nopcommerce.users.Level_03_Page_Object_Pattern" name="Register_05_Success" time="2.447"/>
  <testcase classname="com.nopcommerce.users.Level_03_Page_Object_Pattern" name="Register_06_Verify_Login" time="2.8"/>
</testsuite> <!-- Test -->
