<?xml version="1.0" encoding="UTF-8"?>
<testng-results ignored="0" total="6" passed="6" failed="0" skipped="0">
  <reporter-output>
  </reporter-output>
  <suite started-at="2023-08-20T14:54:48Z" name="Suite" finished-at="2023-08-20T14:55:05Z" duration-ms="16581">
    <groups>
    </groups>
    <test started-at="2023-08-20T14:54:48Z" name="Test" finished-at="2023-08-20T14:55:05Z" duration-ms="16581">
      <class name="com.nopcommerce.users.Level_03_Page_Object_Pattern">
        <test-method is-config="true" signature="beforeClass()[pri:0, instance:com.nopcommerce.users.Level_03_Page_Object_Pattern@6ab778a]" started-at="2023-08-20T14:54:48Z" name="beforeClass" finished-at="2023-08-20T14:54:52Z" duration-ms="3941" status="PASS">
          <reporter-output>
          </reporter-output>
        </test-method> <!-- beforeClass -->
        <test-method signature="Register_01_Empty_Data()[pri:0, instance:com.nopcommerce.users.Level_03_Page_Object_Pattern@6ab778a]" started-at="2023-08-20T14:54:52Z" name="Register_01_Empty_Data" finished-at="2023-08-20T14:54:54Z" duration-ms="1599" status="PASS">
          <reporter-output>
          </reporter-output>
        </test-method> <!-- Register_01_Empty_Data -->
        <test-method signature="Register_02_Invalid_Email()[pri:0, instance:com.nopcommerce.users.Level_03_Page_Object_Pattern@6ab778a]" started-at="2023-08-20T14:54:54Z" name="Register_02_Invalid_Email" description="Invalid email" finished-at="2023-08-20T14:54:55Z" duration-ms="1795" status="PASS">
          <reporter-output>
          </reporter-output>
        </test-method> <!-- Register_02_Invalid_Email -->
        <test-method signature="Register_03_Invalid_Password()[pri:0, instance:com.nopcommerce.users.Level_03_Page_Object_Pattern@6ab778a]" started-at="2023-08-20T14:54:55Z" name="Register_03_Invalid_Password" description="Invalid password" finished-at="2023-08-20T14:54:58Z" duration-ms="2211" status="PASS">
          <reporter-output>
          </reporter-output>
        </test-method> <!-- Register_03_Invalid_Password -->
        <test-method signature="Register_04_Invalid_Confirm_Password()[pri:0, instance:com.nopcommerce.users.Level_03_Page_Object_Pattern@6ab778a]" started-at="2023-08-20T14:54:58Z" name="Register_04_Invalid_Confirm_Password" description="Invalid confirm password" finished-at="2023-08-20T14:54:59Z" duration-ms="1760" status="PASS">
          <reporter-output>
          </reporter-output>
        </test-method> <!-- Register_04_Invalid_Confirm_Password -->
        <test-method signature="Register_05_Success()[pri:0, instance:com.nopcommerce.users.Level_03_Page_Object_Pattern@6ab778a]" started-at="2023-08-20T14:54:59Z" name="Register_05_Success" description="Success" finished-at="2023-08-20T14:55:02Z" duration-ms="2447" status="PASS">
          <reporter-output>
          </reporter-output>
        </test-method> <!-- Register_05_Success -->
        <test-method signature="Register_06_Verify_Login()[pri:0, instance:com.nopcommerce.users.Level_03_Page_Object_Pattern@6ab778a]" started-at="2023-08-20T14:55:02Z" name="Register_06_Verify_Login" description="Verify login" finished-at="2023-08-20T14:55:05Z" duration-ms="2800" status="PASS">
          <reporter-output>
          </reporter-output>
        </test-method> <!-- Register_06_Verify_Login -->
        <test-method is-config="true" signature="afterClass()[pri:0, instance:com.nopcommerce.users.Level_03_Page_Object_Pattern@6ab778a]" started-at="2023-08-20T14:55:05Z" name="afterClass" finished-at="2023-08-20T14:55:05Z" duration-ms="0" status="PASS">
          <reporter-output>
          </reporter-output>
        </test-method> <!-- afterClass -->
      </class> <!-- com.nopcommerce.users.Level_03_Page_Object_Pattern -->
    </test> <!-- Test -->
  </suite> <!-- Suite -->
</testng-results>
